0 info it worked if it ends with ok
1 verbose cli [ 'node', '/Users/Tiago/.nvm/v0.10.6/bin/npm', 'run', 'dec' ]
2 info using npm@3.10.3
3 info using node@v0.10.6
4 verbose stack Error: missing script: dec
4 verbose stack     at run (/Users/Tiago/.nvm/v0.10.6/lib/node_modules/npm/lib/run-script.js:151:19)
4 verbose stack     at /Users/Tiago/.nvm/v0.10.6/lib/node_modules/npm/lib/run-script.js:61:5
4 verbose stack     at /Users/Tiago/.nvm/v0.10.6/lib/node_modules/npm/node_modules/read-package-json/read-json.js:356:5
4 verbose stack     at checkBinReferences_ (/Users/Tiago/.nvm/v0.10.6/lib/node_modules/npm/node_modules/read-package-json/read-json.js:320:45)
4 verbose stack     at final (/Users/Tiago/.nvm/v0.10.6/lib/node_modules/npm/node_modules/read-package-json/read-json.js:354:3)
4 verbose stack     at then (/Users/Tiago/.nvm/v0.10.6/lib/node_modules/npm/node_modules/read-package-json/read-json.js:124:5)
4 verbose stack     at /Users/Tiago/.nvm/v0.10.6/lib/node_modules/npm/node_modules/read-package-json/read-json.js:311:12
4 verbose stack     at /Users/Tiago/.nvm/v0.10.6/lib/node_modules/npm/node_modules/graceful-fs/graceful-fs.js:78:16
4 verbose stack     at fs.js:266:14
4 verbose stack     at /Users/Tiago/.nvm/v0.10.6/lib/node_modules/npm/node_modules/graceful-fs/graceful-fs.js:43:10
5 verbose cwd /Users/Tiago/Documents/react/react-redux
6 error Darwin 15.5.0
7 error argv "node" "/Users/Tiago/.nvm/v0.10.6/bin/npm" "run" "dec"
8 error node v0.10.6
9 error npm  v3.10.3
10 error missing script: dec
11 error If you need help, you may report this error at:
11 error     <https://github.com/npm/npm/issues>
12 verbose exit [ 1, true ]
